<?xml version="1.0" encoding="UTF-8"?>
<!-- Generated by org.testng.reporters.JUnitReportReporter -->
<testsuite hostname="SUSHMA" failures="0" tests="6" name="com.qa.TestNGscripts.GroupsDemo" time="0.029" errors="0" timestamp="2021-11-09T20:20:27 IST" skipped="0">
  <testcase classname="com.qa.TestNGscripts.GroupsDemo" name="testcase8" time="0.002"/>
  <system-out/>
  <testcase classname="com.qa.TestNGscripts.GroupsDemo" name="testcase6" time="0.017"/>
  <system-out/>
  <testcase classname="com.qa.TestNGscripts.GroupsDemo" name="testcase7" time="0.003"/>
  <system-out/>
  <testcase classname="com.qa.TestNGscripts.GroupsDemo" name="testcase1" time="0.005"/>
  <system-out/>
  <testcase classname="com.qa.TestNGscripts.GroupsDemo" name="testcase2" time="0.001"/>
  <system-out/>
  <testcase classname="com.qa.TestNGscripts.GroupsDemo" name="testcase3" time="0.001"/>
  <system-out/>
</testsuite> <!-- com.qa.TestNGscripts.GroupsDemo -->
