<?xml version="1.0" encoding="UTF-8"?>
<!-- Generated by org.testng.reporters.JUnitReportReporter -->
<testsuite hostname="SUSHMA" failures="0" tests="2" name="com.qa.TestNGscripts.BeforeAfterClassDemo" time="5.781" errors="0" timestamp="2021-11-09T19:20:22 IST" skipped="0">
  <testcase classname="com.qa.TestNGscripts.BeforeAfterClassDemo" name="checkboxTest" time="3.614"/>
  <system-out/>
  <testcase classname="com.qa.TestNGscripts.BeforeAfterClassDemo" name="RadioButtonTest" time="2.167"/>
  <system-out/>
</testsuite> <!-- com.qa.TestNGscripts.BeforeAfterClassDemo -->
