<?xml version="1.0" encoding="UTF-8"?>
<!-- Generated by org.testng.reporters.JUnitReportReporter -->
<testsuite hostname="SUSHMA" failures="0" tests="1" name="actionclassDemo.HandlesTabDemo" time="40.991" errors="0" timestamp="2021-11-16T14:44:40 IST" skipped="0">
  <testcase classname="actionclassDemo.HandlesTabDemo" name="HandlesTabDemo" time="40.991"/>
  <system-out/>
</testsuite> <!-- actionclassDemo.HandlesTabDemo -->
