<?xml version="1.0" encoding="UTF-8"?>
<!-- Generated by org.testng.reporters.JUnitReportReporter -->
<testsuite hostname="SUSHMA" failures="0" tests="2" name="com.qa.TestNGscripts.GroupDemo2" time="0.004" errors="0" timestamp="2021-11-09T20:20:27 IST" skipped="0">
  <testcase classname="com.qa.TestNGscripts.GroupDemo2" name="method3" time="0.002"/>
  <system-out/>
  <testcase classname="com.qa.TestNGscripts.GroupDemo2" name="method4" time="0.002"/>
  <system-out/>
</testsuite> <!-- com.qa.TestNGscripts.GroupDemo2 -->
