<?xml version="1.0" encoding="UTF-8"?>
<!-- Generated by org.testng.reporters.JUnitReportReporter -->
<testsuite hostname="SUSHMA" failures="0" tests="1" name="actionclassDemo.MouseOverDemo" time="31.708" errors="0" timestamp="2021-11-16T14:21:34 IST" skipped="0">
  <testcase classname="actionclassDemo.MouseOverDemo" name="MouseOverDemo" time="31.708"/>
  <system-out/>
</testsuite> <!-- actionclassDemo.MouseOverDemo -->
