<?xml version="1.0" encoding="UTF-8"?>
<!-- Generated by org.testng.reporters.JUnitReportReporter -->
<testsuite hostname="SUSHMA" failures="0" tests="1" name="actionclassDemo.DragandDrop" time="31.768" errors="0" timestamp="2021-11-16T14:10:07 IST" skipped="0">
  <testcase classname="actionclassDemo.DragandDrop" name="Draganddrop" time="31.768"/>
  <system-out/>
</testsuite> <!-- actionclassDemo.DragandDrop -->
