<?xml version="1.0" encoding="UTF-8"?>
<!-- Generated by org.testng.reporters.JUnitReportReporter -->
<testsuite hostname="SUSHMA" failures="0" tests="2" name="com.qa.TestNGscripts.BeforeAfterMethodDemo" time="26.437" errors="0" timestamp="2021-11-09T19:18:04 IST" skipped="0">
  <testcase classname="com.qa.TestNGscripts.BeforeAfterMethodDemo" name="checkboxTest" time="15.290"/>
  <system-out/>
  <testcase classname="com.qa.TestNGscripts.BeforeAfterMethodDemo" name="RadioButtonTest" time="11.147"/>
  <system-out/>
</testsuite> <!-- com.qa.TestNGscripts.BeforeAfterMethodDemo -->
