<?xml version="1.0" encoding="UTF-8"?>
<!-- Generated by org.testng.reporters.JUnitReportReporter -->
<testsuite hostname="SUSHMA" failures="0" tests="1" name="com.qa.TestNGscripts.DescriptioDemo" time="19.339" errors="0" timestamp="2021-11-08T22:09:16 IST" skipped="0">
  <testcase classname="com.qa.TestNGscripts.DescriptioDemo" name="HomePageTest" time="19.339"/>
  <system-out/>
</testsuite> <!-- com.qa.TestNGscripts.DescriptioDemo -->
