<?xml version="1.0" encoding="UTF-8"?>
<!-- Generated by org.testng.reporters.JUnitReportReporter -->
<testsuite hostname="SUSHMA" failures="0" tests="8" name="com.qa.DataDrivernDemo.ReaddataTestNG" time="353.004" errors="0" timestamp="2021-11-12T21:15:13 IST" skipped="0">
  <testcase classname="com.qa.DataDrivernDemo.ReaddataTestNG" name="createaccount" time="39.208"/>
  <system-out/>
  <testcase classname="com.qa.DataDrivernDemo.ReaddataTestNG" name="createaccount" time="39.369"/>
  <system-out/>
  <testcase classname="com.qa.DataDrivernDemo.ReaddataTestNG" name="createaccount" time="32.226"/>
  <system-out/>
  <testcase classname="com.qa.DataDrivernDemo.ReaddataTestNG" name="createaccount" time="51.505"/>
  <system-out/>
  <testcase classname="com.qa.DataDrivernDemo.ReaddataTestNG" name="createaccount" time="31.749"/>
  <system-out/>
  <testcase classname="com.qa.DataDrivernDemo.ReaddataTestNG" name="createaccount" time="38.342"/>
  <system-out/>
  <testcase classname="com.qa.DataDrivernDemo.ReaddataTestNG" name="createaccount" time="81.752"/>
  <system-out/>
  <testcase classname="com.qa.DataDrivernDemo.ReaddataTestNG" name="createaccount" time="38.853"/>
  <system-out/>
</testsuite> <!-- com.qa.DataDrivernDemo.ReaddataTestNG -->
