<?xml version="1.0" encoding="UTF-8"?>
<!-- Generated by org.testng.reporters.JUnitReportReporter -->
<testsuite hostname="SUSHMA" failures="0" tests="2" name="com.qa.TestNGscripts.PriorityDemo" time="59.022" errors="0" timestamp="2021-11-09T20:18:29 IST" skipped="0">
  <testcase classname="com.qa.TestNGscripts.PriorityDemo" name="checkboxTest" time="37.714"/>
  <system-out/>
  <testcase classname="com.qa.TestNGscripts.PriorityDemo" name="RadioButtonTest" time="21.308"/>
  <system-out/>
</testsuite> <!-- com.qa.TestNGscripts.PriorityDemo -->
