<?xml version="1.0" encoding="UTF-8"?>
<!-- Generated by org.testng.reporters.JUnitReportReporter -->
<testsuite hostname="SUSHMA" failures="0" tests="4" name="com.qa.TestNGscripts.TestNGAnnotationDemo" time="0.029" errors="0" timestamp="2021-11-08T18:33:35 IST" skipped="0">
  <testcase classname="com.qa.TestNGscripts.TestNGAnnotationDemo" name="loginPageTest" time="0.018"/>
  <system-out/>
  <testcase classname="com.qa.TestNGscripts.TestNGAnnotationDemo" name="createmailTest" time="0.003"/>
  <system-out/>
  <testcase classname="com.qa.TestNGscripts.TestNGAnnotationDemo" name="ModifymailTest" time="0.005"/>
  <system-out/>
  <testcase classname="com.qa.TestNGscripts.TestNGAnnotationDemo" name="DeleteemailTest" time="0.003"/>
  <system-out/>
</testsuite> <!-- com.qa.TestNGscripts.TestNGAnnotationDemo -->
